frontend-kotlin/build/intermediates/manifest_merge_blame_file/release/manifest-merger-blame-release-report.txt
1<?xml version="1.0" encoding="utf-8"?>
2<manifest xmlns:android="http://schemas.android.com/apk/res/android"
3    package="com.optimatrix.gsmcall"
4    android:versionCode="1"
5    android:versionName="1.0" >
6
7    <uses-sdk
8        android:minSdkVersion="26"
9        android:targetSdkVersion="34" />
10
11    <!-- Core telephony permissions -->
12    <uses-permission android:name="android.permission.RECORD_AUDIO" />
12-->src/main/AndroidManifest.xml:7:5-71
12-->src/main/AndroidManifest.xml:7:22-68
13    <uses-permission android:name="android.permission.READ_PHONE_STATE" />
13-->src/main/AndroidManifest.xml:8:5-75
13-->src/main/AndroidManifest.xml:8:22-72
14    <uses-permission android:name="android.permission.CALL_PHONE" />
14-->src/main/AndroidManifest.xml:9:5-69
14-->src/main/AndroidManifest.xml:9:22-66
15    <uses-permission android:name="android.permission.ANSWER_PHONE_CALLS" />
15-->src/main/AndroidManifest.xml:10:5-77
15-->src/main/AndroidManifest.xml:10:22-74
16    <uses-permission android:name="android.permission.PROCESS_OUTGOING_CALLS" />
16-->src/main/AndroidManifest.xml:11:5-81
16-->src/main/AndroidManifest.xml:11:22-78
17    <uses-permission android:name="android.permission.READ_CALL_LOG" />
17-->src/main/AndroidManifest.xml:12:5-72
17-->src/main/AndroidManifest.xml:12:22-69
18    <uses-permission android:name="android.permission.WRITE_CALL_LOG" />
18-->src/main/AndroidManifest.xml:13:5-73
18-->src/main/AndroidManifest.xml:13:22-70
19    <uses-permission android:name="android.permission.MANAGE_OWN_CALLS" />
19-->src/main/AndroidManifest.xml:14:5-75
19-->src/main/AndroidManifest.xml:14:22-72
20
21    <!-- Service persistence permissions -->
22    <uses-permission android:name="android.permission.FOREGROUND_SERVICE" />
22-->src/main/AndroidManifest.xml:17:5-77
22-->src/main/AndroidManifest.xml:17:22-74
23    <uses-permission android:name="android.permission.FOREGROUND_SERVICE_PHONE_CALL" />
23-->src/main/AndroidManifest.xml:18:5-88
23-->src/main/AndroidManifest.xml:18:22-85
24    <uses-permission android:name="android.permission.FOREGROUND_SERVICE_MICROPHONE" />
24-->src/main/AndroidManifest.xml:19:5-88
24-->src/main/AndroidManifest.xml:19:22-85
25    <uses-permission android:name="android.permission.WAKE_LOCK" />
25-->src/main/AndroidManifest.xml:20:5-68
25-->src/main/AndroidManifest.xml:20:22-65
26    <uses-permission android:name="android.permission.REQUEST_IGNORE_BATTERY_OPTIMIZATIONS" />
26-->src/main/AndroidManifest.xml:21:5-95
26-->src/main/AndroidManifest.xml:21:22-92
27    <uses-permission android:name="android.permission.SYSTEM_ALERT_WINDOW" />
27-->src/main/AndroidManifest.xml:22:5-78
27-->src/main/AndroidManifest.xml:22:22-75
28
29    <!-- Notification -->
30    <uses-permission android:name="android.permission.POST_NOTIFICATIONS" />
30-->src/main/AndroidManifest.xml:25:5-77
30-->src/main/AndroidManifest.xml:25:22-74
31
32    <!-- Storage — for recording files -->
33    <uses-permission
33-->src/main/AndroidManifest.xml:28:5-29:38
34        android:name="android.permission.WRITE_EXTERNAL_STORAGE"
34-->src/main/AndroidManifest.xml:28:22-78
35        android:maxSdkVersion="28" />
35-->src/main/AndroidManifest.xml:29:9-35
36    <uses-permission
36-->src/main/AndroidManifest.xml:30:5-31:38
37        android:name="android.permission.READ_EXTERNAL_STORAGE"
37-->src/main/AndroidManifest.xml:30:22-77
38        android:maxSdkVersion="32" />
38-->src/main/AndroidManifest.xml:31:9-35
39    <uses-permission android:name="android.permission.MANAGE_EXTERNAL_STORAGE" />
39-->src/main/AndroidManifest.xml:32:5-33:40
39-->src/main/AndroidManifest.xml:32:22-79
40
41    <!-- Bluetooth SCO routing -->
42    <uses-permission android:name="android.permission.BLUETOOTH" />
42-->src/main/AndroidManifest.xml:36:5-68
42-->src/main/AndroidManifest.xml:36:22-65
43    <uses-permission android:name="android.permission.BLUETOOTH_CONNECT" />
43-->src/main/AndroidManifest.xml:37:5-76
43-->src/main/AndroidManifest.xml:37:22-73
44    <uses-permission android:name="android.permission.MODIFY_AUDIO_SETTINGS" />
44-->src/main/AndroidManifest.xml:38:5-80
44-->src/main/AndroidManifest.xml:38:22-77
45
46    <!-- Network for WebSocket/API -->
47    <uses-permission android:name="android.permission.INTERNET" />
47-->src/main/AndroidManifest.xml:41:5-67
47-->src/main/AndroidManifest.xml:41:22-64
48    <uses-permission android:name="android.permission.ACCESS_NETWORK_STATE" />
48-->src/main/AndroidManifest.xml:42:5-79
48-->src/main/AndroidManifest.xml:42:22-76
49    <uses-permission android:name="android.permission.CHANGE_NETWORK_STATE" />
49-->src/main/AndroidManifest.xml:43:5-79
49-->src/main/AndroidManifest.xml:43:22-76
50
51    <!-- Receive boot completed for auto-start -->
52    <uses-permission android:name="android.permission.RECEIVE_BOOT_COMPLETED" />
52-->src/main/AndroidManifest.xml:46:5-81
52-->src/main/AndroidManifest.xml:46:22-78
53
54    <uses-feature
54-->src/main/AndroidManifest.xml:48:5-87
55        android:name="android.hardware.telephony"
55-->src/main/AndroidManifest.xml:48:19-60
56        android:required="true" />
56-->src/main/AndroidManifest.xml:48:61-84
57    <uses-feature
57-->src/main/AndroidManifest.xml:49:5-88
58        android:name="android.hardware.microphone"
58-->src/main/AndroidManifest.xml:49:19-61
59        android:required="true" />
59-->src/main/AndroidManifest.xml:49:62-85
60
61    <permission
61-->[androidx.core:core:1.13.0] AndroidManifest.xml:22:5-24:47
62        android:name="com.optimatrix.gsmcall.DYNAMIC_RECEIVER_NOT_EXPORTED_PERMISSION"
62-->[androidx.core:core:1.13.0] AndroidManifest.xml:23:9-81
63        android:protectionLevel="signature" />
63-->[androidx.core:core:1.13.0] AndroidManifest.xml:24:9-44
64
65    <uses-permission android:name="com.optimatrix.gsmcall.DYNAMIC_RECEIVER_NOT_EXPORTED_PERMISSION" />
65-->[androidx.core:core:1.13.0] AndroidManifest.xml:26:5-97
65-->[androidx.core:core:1.13.0] AndroidManifest.xml:26:22-94
66
67    <application
67-->src/main/AndroidManifest.xml:51:5-111:19
68        android:name="com.optimatrix.gsmcall.GSMCallApplication"
68-->src/main/AndroidManifest.xml:52:9-65
69        android:allowBackup="true"
69-->src/main/AndroidManifest.xml:53:9-35
70        android:appComponentFactory="androidx.core.app.CoreComponentFactory"
70-->[androidx.core:core:1.13.0] AndroidManifest.xml:28:18-86
71        android:exported="true"
71-->src/main/AndroidManifest.xml:58:9-32
72        android:extractNativeLibs="false"
73        android:icon="@android:drawable/sym_call_incoming"
73-->src/main/AndroidManifest.xml:55:9-59
74        android:label="GSM Call AI"
74-->src/main/AndroidManifest.xml:54:9-36
75        android:networkSecurityConfig="@xml/network_security_config"
75-->src/main/AndroidManifest.xml:60:9-69
76        android:requestLegacyExternalStorage="true"
76-->src/main/AndroidManifest.xml:59:9-52
77        android:roundIcon="@android:drawable/sym_call_incoming"
77-->src/main/AndroidManifest.xml:56:9-64
78        android:supportsRtl="true"
78-->src/main/AndroidManifest.xml:57:9-35
79        android:usesCleartextTraffic="true" >
79-->src/main/AndroidManifest.xml:61:9-44
80
81        <!-- Main activity -->
82        <activity
82-->src/main/AndroidManifest.xml:66:9-75:20
83            android:name="com.optimatrix.gsmcall.ui.MainActivity"
83-->src/main/AndroidManifest.xml:67:13-66
84            android:exported="true"
84-->src/main/AndroidManifest.xml:68:13-36
85            android:launchMode="singleTop"
85-->src/main/AndroidManifest.xml:69:13-43
86            android:screenOrientation="portrait" >
86-->src/main/AndroidManifest.xml:70:13-49
87            <intent-filter>
87-->src/main/AndroidManifest.xml:71:13-74:29
88                <action android:name="android.intent.action.MAIN" />
88-->src/main/AndroidManifest.xml:72:17-69
88-->src/main/AndroidManifest.xml:72:25-66
89
90                <category android:name="android.intent.category.LAUNCHER" />
90-->src/main/AndroidManifest.xml:73:17-77
90-->src/main/AndroidManifest.xml:73:27-74
91            </intent-filter>
92        </activity>
93
94        <!-- Core automation foreground service -->
95        <service
95-->src/main/AndroidManifest.xml:78:9-84:38
96            android:name="com.optimatrix.gsmcall.services.CallAutomationService"
96-->src/main/AndroidManifest.xml:79:13-81
97            android:enabled="true"
97-->src/main/AndroidManifest.xml:84:13-35
98            android:exported="false"
98-->src/main/AndroidManifest.xml:80:13-37
99            android:foregroundServiceType="phoneCall|microphone"
99-->src/main/AndroidManifest.xml:81:13-65
100            android:persistent="false"
100-->src/main/AndroidManifest.xml:83:13-39
101            android:stopWithTask="false" />
101-->src/main/AndroidManifest.xml:82:13-41
102
103        <!-- Accessibility service for Samsung InCallUI monitoring -->
104        <service
104-->src/main/AndroidManifest.xml:87:9-98:19
105            android:name="com.optimatrix.gsmcall.accessibility.CallAccessibilityService"
105-->src/main/AndroidManifest.xml:88:13-89
106            android:enabled="true"
106-->src/main/AndroidManifest.xml:91:13-35
107            android:exported="true"
107-->src/main/AndroidManifest.xml:90:13-36
108            android:permission="android.permission.BIND_ACCESSIBILITY_SERVICE" >
108-->src/main/AndroidManifest.xml:89:13-79
109            <intent-filter>
109-->src/main/AndroidManifest.xml:92:13-94:29
110                <action android:name="android.accessibilityservice.AccessibilityService" />
110-->src/main/AndroidManifest.xml:93:17-92
110-->src/main/AndroidManifest.xml:93:25-89
111            </intent-filter>
112
113            <meta-data
113-->src/main/AndroidManifest.xml:95:13-97:72
114                android:name="android.accessibilityservice"
114-->src/main/AndroidManifest.xml:96:17-60
115                android:resource="@xml/accessibility_service_config" />
115-->src/main/AndroidManifest.xml:97:17-69
116        </service>
117
118        <!-- Boot receiver for auto-start after reboot -->
119        <receiver
119-->src/main/AndroidManifest.xml:101:9-109:20
120            android:name="com.optimatrix.gsmcall.receivers.BootReceiver"
120-->src/main/AndroidManifest.xml:102:13-73
121            android:enabled="true"
121-->src/main/AndroidManifest.xml:104:13-35
122            android:exported="true" >
122-->src/main/AndroidManifest.xml:103:13-36
123            <intent-filter android:priority="999" >
123-->src/main/AndroidManifest.xml:105:13-108:29
123-->src/main/AndroidManifest.xml:105:28-50
124                <action android:name="android.intent.action.BOOT_COMPLETED" />
124-->src/main/AndroidManifest.xml:106:17-79
124-->src/main/AndroidManifest.xml:106:25-76
125                <action android:name="android.intent.action.MY_PACKAGE_REPLACED" />
125-->src/main/AndroidManifest.xml:107:17-84
125-->src/main/AndroidManifest.xml:107:25-81
126            </intent-filter>
127        </receiver>
128
129        <provider
129-->[androidx.work:work-runtime:2.9.1] AndroidManifest.xml:29:9-37:20
130            android:name="androidx.startup.InitializationProvider"
130-->[androidx.work:work-runtime:2.9.1] AndroidManifest.xml:30:13-67
131            android:authorities="com.optimatrix.gsmcall.androidx-startup"
131-->[androidx.work:work-runtime:2.9.1] AndroidManifest.xml:31:13-68
132            android:exported="false" >
132-->[androidx.work:work-runtime:2.9.1] AndroidManifest.xml:32:13-37
133            <meta-data
133-->[androidx.work:work-runtime:2.9.1] AndroidManifest.xml:34:13-36:52
134                android:name="androidx.work.WorkManagerInitializer"
134-->[androidx.work:work-runtime:2.9.1] AndroidManifest.xml:35:17-68
135                android:value="androidx.startup" />
135-->[androidx.work:work-runtime:2.9.1] AndroidManifest.xml:36:17-49
136            <meta-data
136-->[androidx.emoji2:emoji2:1.3.0] AndroidManifest.xml:29:13-31:52
137                android:name="androidx.emoji2.text.EmojiCompatInitializer"
137-->[androidx.emoji2:emoji2:1.3.0] AndroidManifest.xml:30:17-75
138                android:value="androidx.startup" />
138-->[androidx.emoji2:emoji2:1.3.0] AndroidManifest.xml:31:17-49
139            <meta-data
139-->[androidx.lifecycle:lifecycle-process:2.6.2] AndroidManifest.xml:29:13-31:52
140                android:name="androidx.lifecycle.ProcessLifecycleInitializer"
140-->[androidx.lifecycle:lifecycle-process:2.6.2] AndroidManifest.xml:30:17-78
141                android:value="androidx.startup" />
141-->[androidx.lifecycle:lifecycle-process:2.6.2] AndroidManifest.xml:31:17-49
142            <meta-data
142-->[androidx.profileinstaller:profileinstaller:1.3.1] AndroidManifest.xml:29:13-31:52
143                android:name="androidx.profileinstaller.ProfileInstallerInitializer"
143-->[androidx.profileinstaller:profileinstaller:1.3.1] AndroidManifest.xml:30:17-85
144                android:value="androidx.startup" />
144-->[androidx.profileinstaller:profileinstaller:1.3.1] AndroidManifest.xml:31:17-49
145        </provider>
146
147        <service
147-->[androidx.work:work-runtime:2.9.1] AndroidManifest.xml:39:9-45:35
148            android:name="androidx.work.impl.background.systemalarm.SystemAlarmService"
148-->[androidx.work:work-runtime:2.9.1] AndroidManifest.xml:40:13-88
149            android:directBootAware="false"
149-->[androidx.work:work-runtime:2.9.1] AndroidManifest.xml:41:13-44
150            android:enabled="@bool/enable_system_alarm_service_default"
150-->[androidx.work:work-runtime:2.9.1] AndroidManifest.xml:42:13-72
151            android:exported="false" />
151-->[androidx.work:work-runtime:2.9.1] AndroidManifest.xml:43:13-37
152        <service
152-->[androidx.work:work-runtime:2.9.1] AndroidManifest.xml:46:9-52:35
153            android:name="androidx.work.impl.background.systemjob.SystemJobService"
153-->[androidx.work:work-runtime:2.9.1] AndroidManifest.xml:47:13-84
154            android:directBootAware="false"
154-->[androidx.work:work-runtime:2.9.1] AndroidManifest.xml:48:13-44
155            android:enabled="@bool/enable_system_job_service_default"
155-->[androidx.work:work-runtime:2.9.1] AndroidManifest.xml:49:13-70
156            android:exported="true"
156-->[androidx.work:work-runtime:2.9.1] AndroidManifest.xml:50:13-36
157            android:permission="android.permission.BIND_JOB_SERVICE" />
157-->[androidx.work:work-runtime:2.9.1] AndroidManifest.xml:51:13-69
158        <service
158-->[androidx.work:work-runtime:2.9.1] AndroidManifest.xml:53:9-59:35
159            android:name="androidx.work.impl.foreground.SystemForegroundService"
159-->[androidx.work:work-runtime:2.9.1] AndroidManifest.xml:54:13-81
160            android:directBootAware="false"
160-->[androidx.work:work-runtime:2.9.1] AndroidManifest.xml:55:13-44
161            android:enabled="@bool/enable_system_foreground_service_default"
161-->[androidx.work:work-runtime:2.9.1] AndroidManifest.xml:56:13-77
162            android:exported="false" />
162-->[androidx.work:work-runtime:2.9.1] AndroidManifest.xml:57:13-37
163
164        <receiver
164-->[androidx.work:work-runtime:2.9.1] AndroidManifest.xml:61:9-66:35
165            android:name="androidx.work.impl.utils.ForceStopRunnable$BroadcastReceiver"
165-->[androidx.work:work-runtime:2.9.1] AndroidManifest.xml:62:13-88
166            android:directBootAware="false"
166-->[androidx.work:work-runtime:2.9.1] AndroidManifest.xml:63:13-44
167            android:enabled="true"
167-->[androidx.work:work-runtime:2.9.1] AndroidManifest.xml:64:13-35
168            android:exported="false" />
168-->[androidx.work:work-runtime:2.9.1] AndroidManifest.xml:65:13-37
169        <receiver
169-->[androidx.work:work-runtime:2.9.1] AndroidManifest.xml:67:9-77:20
170            android:name="androidx.work.impl.background.systemalarm.ConstraintProxy$BatteryChargingProxy"
170-->[androidx.work:work-runtime:2.9.1] AndroidManifest.xml:68:13-106
171            android:directBootAware="false"
171-->[androidx.work:work-runtime:2.9.1] AndroidManifest.xml:69:13-44
172            android:enabled="false"
172-->[androidx.work:work-runtime:2.9.1] AndroidManifest.xml:70:13-36
173            android:exported="false" >
173-->[androidx.work:work-runtime:2.9.1] AndroidManifest.xml:71:13-37
174            <intent-filter>
174-->[androidx.work:work-runtime:2.9.1] AndroidManifest.xml:73:13-76:29
175                <action android:name="android.intent.action.ACTION_POWER_CONNECTED" />
175-->[androidx.work:work-runtime:2.9.1] AndroidManifest.xml:74:17-87
175-->[androidx.work:work-runtime:2.9.1] AndroidManifest.xml:74:25-84
176                <action android:name="android.intent.action.ACTION_POWER_DISCONNECTED" />
176-->[androidx.work:work-runtime:2.9.1] AndroidManifest.xml:75:17-90
176-->[androidx.work:work-runtime:2.9.1] AndroidManifest.xml:75:25-87
177            </intent-filter>
178        </receiver>
179        <receiver
179-->[androidx.work:work-runtime:2.9.1] AndroidManifest.xml:78:9-88:20
180            android:name="androidx.work.impl.background.systemalarm.ConstraintProxy$BatteryNotLowProxy"
180-->[androidx.work:work-runtime:2.9.1] AndroidManifest.xml:79:13-104
181            android:directBootAware="false"
181-->[androidx.work:work-runtime:2.9.1] AndroidManifest.xml:80:13-44
182            android:enabled="false"
182-->[androidx.work:work-runtime:2.9.1] AndroidManifest.xml:81:13-36
183            android:exported="false" >
183-->[androidx.work:work-runtime:2.9.1] AndroidManifest.xml:82:13-37
184            <intent-filter>
184-->[androidx.work:work-runtime:2.9.1] AndroidManifest.xml:84:13-87:29
185                <action android:name="android.intent.action.BATTERY_OKAY" />
185-->[androidx.work:work-runtime:2.9.1] AndroidManifest.xml:85:17-77
185-->[androidx.work:work-runtime:2.9.1] AndroidManifest.xml:85:25-74
186                <action android:name="android.intent.action.BATTERY_LOW" />
186-->[androidx.work:work-runtime:2.9.1] AndroidManifest.xml:86:17-76
186-->[androidx.work:work-runtime:2.9.1] AndroidManifest.xml:86:25-73
187            </intent-filter>
188        </receiver>
189        <receiver
189-->[androidx.work:work-runtime:2.9.1] AndroidManifest.xml:89:9-99:20
190            android:name="androidx.work.impl.background.systemalarm.ConstraintProxy$StorageNotLowProxy"
190-->[androidx.work:work-runtime:2.9.1] AndroidManifest.xml:90:13-104
191            android:directBootAware="false"
191-->[androidx.work:work-runtime:2.9.1] AndroidManifest.xml:91:13-44
192            android:enabled="false"
192-->[androidx.work:work-runtime:2.9.1] AndroidManifest.xml:92:13-36
193            android:exported="false" >
193-->[androidx.work:work-runtime:2.9.1] AndroidManifest.xml:93:13-37
194            <intent-filter>
194-->[androidx.work:work-runtime:2.9.1] AndroidManifest.xml:95:13-98:29
195                <action android:name="android.intent.action.DEVICE_STORAGE_LOW" />
195-->[androidx.work:work-runtime:2.9.1] AndroidManifest.xml:96:17-83
195-->[androidx.work:work-runtime:2.9.1] AndroidManifest.xml:96:25-80
196                <action android:name="android.intent.action.DEVICE_STORAGE_OK" />
196-->[androidx.work:work-runtime:2.9.1] AndroidManifest.xml:97:17-82
196-->[androidx.work:work-runtime:2.9.1] AndroidManifest.xml:97:25-79
197            </intent-filter>
198        </receiver>
199        <receiver
199-->[androidx.work:work-runtime:2.9.1] AndroidManifest.xml:100:9-109:20
200            android:name="androidx.work.impl.background.systemalarm.ConstraintProxy$NetworkStateProxy"
200-->[androidx.work:work-runtime:2.9.1] AndroidManifest.xml:101:13-103
201            android:directBootAware="false"
201-->[androidx.work:work-runtime:2.9.1] AndroidManifest.xml:102:13-44
202            android:enabled="false"
202-->[androidx.work:work-runtime:2.9.1] AndroidManifest.xml:103:13-36
203            android:exported="false" >
203-->[androidx.work:work-runtime:2.9.1] AndroidManifest.xml:104:13-37
204            <intent-filter>
204-->[androidx.work:work-runtime:2.9.1] AndroidManifest.xml:106:13-108:29
205                <action android:name="android.net.conn.CONNECTIVITY_CHANGE" />
205-->[androidx.work:work-runtime:2.9.1] AndroidManifest.xml:107:17-79
205-->[androidx.work:work-runtime:2.9.1] AndroidManifest.xml:107:25-76
206            </intent-filter>
207        </receiver>
208        <receiver
208-->[androidx.work:work-runtime:2.9.1] AndroidManifest.xml:110:9-121:20
209            android:name="androidx.work.impl.background.systemalarm.RescheduleReceiver"
209-->[androidx.work:work-runtime:2.9.1] AndroidManifest.xml:111:13-88
210            android:directBootAware="false"
210-->[androidx.work:work-runtime:2.9.1] AndroidManifest.xml:112:13-44
211            android:enabled="false"
211-->[androidx.work:work-runtime:2.9.1] AndroidManifest.xml:113:13-36
212            android:exported="false" >
212-->[androidx.work:work-runtime:2.9.1] AndroidManifest.xml:114:13-37
213            <intent-filter>
213-->[androidx.work:work-runtime:2.9.1] AndroidManifest.xml:116:13-120:29
214                <action android:name="android.intent.action.BOOT_COMPLETED" />
214-->src/main/AndroidManifest.xml:106:17-79
214-->src/main/AndroidManifest.xml:106:25-76
215                <action android:name="android.intent.action.TIME_SET" />
215-->[androidx.work:work-runtime:2.9.1] AndroidManifest.xml:118:17-73
215-->[androidx.work:work-runtime:2.9.1] AndroidManifest.xml:118:25-70
216                <action android:name="android.intent.action.TIMEZONE_CHANGED" />
216-->[androidx.work:work-runtime:2.9.1] AndroidManifest.xml:119:17-81
216-->[androidx.work:work-runtime:2.9.1] AndroidManifest.xml:119:25-78
217            </intent-filter>
218        </receiver>
219        <receiver
219-->[androidx.work:work-runtime:2.9.1] AndroidManifest.xml:122:9-131:20
220            android:name="androidx.work.impl.background.systemalarm.ConstraintProxyUpdateReceiver"
220-->[androidx.work:work-runtime:2.9.1] AndroidManifest.xml:123:13-99
221            android:directBootAware="false"
221-->[androidx.work:work-runtime:2.9.1] AndroidManifest.xml:124:13-44
222            android:enabled="@bool/enable_system_alarm_service_default"
222-->[androidx.work:work-runtime:2.9.1] AndroidManifest.xml:125:13-72
223            android:exported="false" >
223-->[androidx.work:work-runtime:2.9.1] AndroidManifest.xml:126:13-37
224            <intent-filter>
224-->[androidx.work:work-runtime:2.9.1] AndroidManifest.xml:128:13-130:29
225                <action android:name="androidx.work.impl.background.systemalarm.UpdateProxies" />
225-->[androidx.work:work-runtime:2.9.1] AndroidManifest.xml:129:17-98
225-->[androidx.work:work-runtime:2.9.1] AndroidManifest.xml:129:25-95
226            </intent-filter>
227        </receiver>
228        <receiver
228-->[androidx.work:work-runtime:2.9.1] AndroidManifest.xml:132:9-142:20
229            android:name="androidx.work.impl.diagnostics.DiagnosticsReceiver"
229-->[androidx.work:work-runtime:2.9.1] AndroidManifest.xml:133:13-78
230            android:directBootAware="false"
230-->[androidx.work:work-runtime:2.9.1] AndroidManifest.xml:134:13-44
231            android:enabled="true"
231-->[androidx.work:work-runtime:2.9.1] AndroidManifest.xml:135:13-35
232            android:exported="true"
232-->[androidx.work:work-runtime:2.9.1] AndroidManifest.xml:136:13-36
233            android:permission="android.permission.DUMP" >
233-->[androidx.work:work-runtime:2.9.1] AndroidManifest.xml:137:13-57
234            <intent-filter>
234-->[androidx.work:work-runtime:2.9.1] AndroidManifest.xml:139:13-141:29
235                <action android:name="androidx.work.diagnostics.REQUEST_DIAGNOSTICS" />
235-->[androidx.work:work-runtime:2.9.1] AndroidManifest.xml:140:17-88
235-->[androidx.work:work-runtime:2.9.1] AndroidManifest.xml:140:25-85
236            </intent-filter>
237        </receiver>
238
239        <service
239-->[androidx.room:room-runtime:2.5.0] AndroidManifest.xml:24:9-28:63
240            android:name="androidx.room.MultiInstanceInvalidationService"
240-->[androidx.room:room-runtime:2.5.0] AndroidManifest.xml:25:13-74
241            android:directBootAware="true"
241-->[androidx.room:room-runtime:2.5.0] AndroidManifest.xml:26:13-43
242            android:exported="false" />
242-->[androidx.room:room-runtime:2.5.0] AndroidManifest.xml:27:13-37
243
244        <receiver
244-->[androidx.profileinstaller:profileinstaller:1.3.1] AndroidManifest.xml:34:9-52:20
245            android:name="androidx.profileinstaller.ProfileInstallReceiver"
245-->[androidx.profileinstaller:profileinstaller:1.3.1] AndroidManifest.xml:35:13-76
246            android:directBootAware="false"
246-->[androidx.profileinstaller:profileinstaller:1.3.1] AndroidManifest.xml:36:13-44
247            android:enabled="true"
247-->[androidx.profileinstaller:profileinstaller:1.3.1] AndroidManifest.xml:37:13-35
248            android:exported="true"
248-->[androidx.profileinstaller:profileinstaller:1.3.1] AndroidManifest.xml:38:13-36
249            android:permission="android.permission.DUMP" >
249-->[androidx.profileinstaller:profileinstaller:1.3.1] AndroidManifest.xml:39:13-57
250            <intent-filter>
250-->[androidx.profileinstaller:profileinstaller:1.3.1] AndroidManifest.xml:40:13-42:29
251                <action android:name="androidx.profileinstaller.action.INSTALL_PROFILE" />
251-->[androidx.profileinstaller:profileinstaller:1.3.1] AndroidManifest.xml:41:17-91
251-->[androidx.profileinstaller:profileinstaller:1.3.1] AndroidManifest.xml:41:25-88
252            </intent-filter>
253            <intent-filter>
253-->[androidx.profileinstaller:profileinstaller:1.3.1] AndroidManifest.xml:43:13-45:29
254                <action android:name="androidx.profileinstaller.action.SKIP_FILE" />
254-->[androidx.profileinstaller:profileinstaller:1.3.1] AndroidManifest.xml:44:17-85
254-->[androidx.profileinstaller:profileinstaller:1.3.1] AndroidManifest.xml:44:25-82
255            </intent-filter>
256            <intent-filter>
256-->[androidx.profileinstaller:profileinstaller:1.3.1] AndroidManifest.xml:46:13-48:29
257                <action android:name="androidx.profileinstaller.action.SAVE_PROFILE" />
257-->[androidx.profileinstaller:profileinstaller:1.3.1] AndroidManifest.xml:47:17-88
257-->[androidx.profileinstaller:profileinstaller:1.3.1] AndroidManifest.xml:47:25-85
258            </intent-filter>
259            <intent-filter>
259-->[androidx.profileinstaller:profileinstaller:1.3.1] AndroidManifest.xml:49:13-51:29
260                <action android:name="androidx.profileinstaller.action.BENCHMARK_OPERATION" />
260-->[androidx.profileinstaller:profileinstaller:1.3.1] AndroidManifest.xml:50:17-95
260-->[androidx.profileinstaller:profileinstaller:1.3.1] AndroidManifest.xml:50:25-92
261            </intent-filter>
262        </receiver>
263    </application>
264
265</manifest>